2021-01-10 16:16:58 INFO  [main] [] com.gitee.helloworlddemo.springmvctrimwhitespace.SpringMvcTrimWhitespaceApplication:55 - Starting SpringMvcTrimWhitespaceApplication using Java 1.8.0_192 on munan-2.local with PID 5901 (/Users/munan/Documents/work/java/idea/gitee/mine/hello-world-demo/spring-mvc-trim-whitespace/target/classes started by munan in /Users/munan/Documents/work/java/idea/gitee/mine/hello-world-demo/spring-mvc-trim-whitespace)
2021-01-10 16:16:58 INFO  [main] [] com.gitee.helloworlddemo.springmvctrimwhitespace.SpringMvcTrimWhitespaceApplication:660 - No active profile set, falling back to default profiles: default
2021-01-10 16:16:58 INFO  [main] [] org.springframework.boot.web.embedded.tomcat.TomcatWebServer:108 - Tomcat initialized with port(s): 8080 (http)
2021-01-10 16:16:58 INFO  [main] [] org.apache.catalina.core.StandardService:173 - Starting service [Tomcat]
2021-01-10 16:16:58 INFO  [main] [] org.apache.catalina.core.StandardEngine:173 - Starting Servlet engine: [Apache Tomcat/9.0.41]
2021-01-10 16:16:59 INFO  [main] [] org.apache.catalina.core.ContainerBase.[Tomcat].[localhost].[/]:173 - Initializing Spring embedded WebApplicationContext
2021-01-10 16:16:59 INFO  [main] [] org.springframework.boot.web.servlet.context.ServletWebServerApplicationContext:289 - Root WebApplicationContext: initialization completed in 964 ms
2021-01-10 16:16:59 INFO  [main] [] org.springframework.scheduling.concurrent.ThreadPoolTaskExecutor:181 - Initializing ExecutorService 'applicationTaskExecutor'
2021-01-10 16:16:59 INFO  [main] [] org.springframework.boot.web.embedded.tomcat.TomcatWebServer:220 - Tomcat started on port(s): 8080 (http) with context path ''
2021-01-10 16:16:59 INFO  [main] [] com.gitee.helloworlddemo.springmvctrimwhitespace.SpringMvcTrimWhitespaceApplication:61 - Started SpringMvcTrimWhitespaceApplication in 2.033 seconds (JVM running for 2.914)
2021-01-10 16:17:39 INFO  [http-nio-8080-exec-1] [] org.apache.catalina.core.ContainerBase.[Tomcat].[localhost].[/]:173 - Initializing Spring DispatcherServlet 'dispatcherServlet'
2021-01-10 16:17:39 INFO  [http-nio-8080-exec-1] [] org.springframework.web.servlet.DispatcherServlet:525 - Initializing Servlet 'dispatcherServlet'
2021-01-10 16:17:39 INFO  [http-nio-8080-exec-1] [] org.springframework.web.servlet.DispatcherServlet:547 - Completed initialization in 1 ms
2021-01-10 16:17:39 INFO  [http-nio-8080-exec-1] [] com.gitee.helloworlddemo.springmvctrimwhitespace.rest.TestController:24 - name :test size:4
2021-01-10 16:18:00 INFO  [http-nio-8080-exec-3] [] com.gitee.helloworlddemo.springmvctrimwhitespace.rest.TestController:24 - name :    t est size:9
2021-01-10 16:19:53 INFO  [SpringContextShutdownHook] [] org.springframework.scheduling.concurrent.ThreadPoolTaskExecutor:218 - Shutting down ExecutorService 'applicationTaskExecutor'
2021-01-10 16:19:58 INFO  [main] [] com.gitee.helloworlddemo.springmvctrimwhitespace.SpringMvcTrimWhitespaceApplication:55 - Starting SpringMvcTrimWhitespaceApplication using Java 1.8.0_192 on munan-2.local with PID 6035 (/Users/munan/Documents/work/java/idea/gitee/mine/hello-world-demo/spring-mvc-trim-whitespace/target/classes started by munan in /Users/munan/Documents/work/java/idea/gitee/mine/hello-world-demo/spring-mvc-trim-whitespace)
2021-01-10 16:19:58 INFO  [main] [] com.gitee.helloworlddemo.springmvctrimwhitespace.SpringMvcTrimWhitespaceApplication:660 - No active profile set, falling back to default profiles: default
2021-01-10 16:19:59 INFO  [main] [] org.springframework.boot.web.embedded.tomcat.TomcatWebServer:108 - Tomcat initialized with port(s): 8080 (http)
2021-01-10 16:19:59 INFO  [main] [] org.apache.catalina.core.StandardService:173 - Starting service [Tomcat]
2021-01-10 16:19:59 INFO  [main] [] org.apache.catalina.core.StandardEngine:173 - Starting Servlet engine: [Apache Tomcat/9.0.41]
2021-01-10 16:19:59 INFO  [main] [] org.apache.catalina.core.ContainerBase.[Tomcat].[localhost].[/]:173 - Initializing Spring embedded WebApplicationContext
2021-01-10 16:19:59 INFO  [main] [] org.springframework.boot.web.servlet.context.ServletWebServerApplicationContext:289 - Root WebApplicationContext: initialization completed in 878 ms
2021-01-10 16:19:59 INFO  [main] [] org.springframework.scheduling.concurrent.ThreadPoolTaskExecutor:181 - Initializing ExecutorService 'applicationTaskExecutor'
2021-01-10 16:20:00 INFO  [main] [] org.springframework.boot.web.embedded.tomcat.TomcatWebServer:220 - Tomcat started on port(s): 8080 (http) with context path ''
2021-01-10 16:20:00 INFO  [main] [] com.gitee.helloworlddemo.springmvctrimwhitespace.SpringMvcTrimWhitespaceApplication:61 - Started SpringMvcTrimWhitespaceApplication in 1.961 seconds (JVM running for 2.834)
2021-01-10 16:20:08 INFO  [http-nio-8080-exec-1] [] org.apache.catalina.core.ContainerBase.[Tomcat].[localhost].[/]:173 - Initializing Spring DispatcherServlet 'dispatcherServlet'
2021-01-10 16:20:08 INFO  [http-nio-8080-exec-1] [] org.springframework.web.servlet.DispatcherServlet:525 - Initializing Servlet 'dispatcherServlet'
2021-01-10 16:20:08 INFO  [http-nio-8080-exec-1] [] org.springframework.web.servlet.DispatcherServlet:547 - Completed initialization in 1 ms
2021-01-10 16:20:08 INFO  [http-nio-8080-exec-1] [] com.gitee.helloworlddemo.springmvctrimwhitespace.rest.TestController:24 - name :t est size:5
2021-01-10 16:23:01 INFO  [http-nio-8080-exec-4] [] com.gitee.helloworlddemo.springmvctrimwhitespace.rest.TestController:29 - name :test size:4
2021-01-10 16:25:14 INFO  [SpringContextShutdownHook] [] org.springframework.scheduling.concurrent.ThreadPoolTaskExecutor:218 - Shutting down ExecutorService 'applicationTaskExecutor'
2021-01-10 16:25:21 INFO  [main] [] com.gitee.helloworlddemo.springmvctrimwhitespace.SpringMvcTrimWhitespaceApplication:55 - Starting SpringMvcTrimWhitespaceApplication using Java 1.8.0_192 on munan-2.local with PID 6190 (/Users/munan/Documents/work/java/idea/gitee/mine/hello-world-demo/spring-mvc-trim-whitespace/target/classes started by munan in /Users/munan/Documents/work/java/idea/gitee/mine/hello-world-demo/spring-mvc-trim-whitespace)
2021-01-10 16:25:21 INFO  [main] [] com.gitee.helloworlddemo.springmvctrimwhitespace.SpringMvcTrimWhitespaceApplication:660 - No active profile set, falling back to default profiles: default
2021-01-10 16:25:22 INFO  [main] [] org.springframework.boot.web.embedded.tomcat.TomcatWebServer:108 - Tomcat initialized with port(s): 8080 (http)
2021-01-10 16:25:22 INFO  [main] [] org.apache.catalina.core.StandardService:173 - Starting service [Tomcat]
2021-01-10 16:25:22 INFO  [main] [] org.apache.catalina.core.StandardEngine:173 - Starting Servlet engine: [Apache Tomcat/9.0.41]
2021-01-10 16:25:22 INFO  [main] [] org.apache.catalina.core.ContainerBase.[Tomcat].[localhost].[/]:173 - Initializing Spring embedded WebApplicationContext
2021-01-10 16:25:22 INFO  [main] [] org.springframework.boot.web.servlet.context.ServletWebServerApplicationContext:289 - Root WebApplicationContext: initialization completed in 798 ms
2021-01-10 16:25:22 INFO  [main] [] org.springframework.scheduling.concurrent.ThreadPoolTaskExecutor:181 - Initializing ExecutorService 'applicationTaskExecutor'
2021-01-10 16:25:22 INFO  [main] [] org.springframework.boot.web.embedded.tomcat.TomcatWebServer:220 - Tomcat started on port(s): 8080 (http) with context path ''
2021-01-10 16:25:22 INFO  [main] [] com.gitee.helloworlddemo.springmvctrimwhitespace.SpringMvcTrimWhitespaceApplication:61 - Started SpringMvcTrimWhitespaceApplication in 1.958 seconds (JVM running for 2.987)
2021-01-10 16:25:35 INFO  [SpringContextShutdownHook] [] org.springframework.scheduling.concurrent.ThreadPoolTaskExecutor:218 - Shutting down ExecutorService 'applicationTaskExecutor'
2021-01-10 16:26:51 INFO  [main] [] com.gitee.helloworlddemo.springmvctrimwhitespace.SpringMvcTrimWhitespaceApplication:55 - Starting SpringMvcTrimWhitespaceApplication using Java 1.8.0_192 on munan-2.local with PID 6238 (/Users/munan/Documents/work/java/idea/gitee/mine/hello-world-demo/spring-mvc-trim-whitespace/target/classes started by munan in /Users/munan/Documents/work/java/idea/gitee/mine/hello-world-demo/spring-mvc-trim-whitespace)
2021-01-10 16:26:51 INFO  [main] [] com.gitee.helloworlddemo.springmvctrimwhitespace.SpringMvcTrimWhitespaceApplication:660 - No active profile set, falling back to default profiles: default
2021-01-10 16:26:53 INFO  [main] [] org.springframework.boot.web.embedded.tomcat.TomcatWebServer:108 - Tomcat initialized with port(s): 8080 (http)
2021-01-10 16:26:53 INFO  [main] [] org.apache.catalina.core.StandardService:173 - Starting service [Tomcat]
2021-01-10 16:26:53 INFO  [main] [] org.apache.catalina.core.StandardEngine:173 - Starting Servlet engine: [Apache Tomcat/9.0.41]
2021-01-10 16:26:53 INFO  [main] [] org.apache.catalina.core.ContainerBase.[Tomcat].[localhost].[/]:173 - Initializing Spring embedded WebApplicationContext
2021-01-10 16:26:53 INFO  [main] [] org.springframework.boot.web.servlet.context.ServletWebServerApplicationContext:289 - Root WebApplicationContext: initialization completed in 1693 ms
2021-01-10 16:26:53 INFO  [main] [] org.springframework.scheduling.concurrent.ThreadPoolTaskExecutor:181 - Initializing ExecutorService 'applicationTaskExecutor'
2021-01-10 16:26:53 INFO  [main] [] org.springframework.boot.web.embedded.tomcat.TomcatWebServer:220 - Tomcat started on port(s): 8080 (http) with context path ''
2021-01-10 16:26:53 INFO  [main] [] com.gitee.helloworlddemo.springmvctrimwhitespace.SpringMvcTrimWhitespaceApplication:61 - Started SpringMvcTrimWhitespaceApplication in 3.422 seconds (JVM running for 4.677)
2021-01-10 16:27:37 INFO  [http-nio-8080-exec-1] [] org.apache.catalina.core.ContainerBase.[Tomcat].[localhost].[/]:173 - Initializing Spring DispatcherServlet 'dispatcherServlet'
2021-01-10 16:27:37 INFO  [http-nio-8080-exec-1] [] org.springframework.web.servlet.DispatcherServlet:525 - Initializing Servlet 'dispatcherServlet'
2021-01-10 16:27:37 INFO  [http-nio-8080-exec-1] [] org.springframework.web.servlet.DispatcherServlet:547 - Completed initialization in 1 ms
2021-01-10 16:27:45 INFO  [SpringContextShutdownHook] [] org.springframework.scheduling.concurrent.ThreadPoolTaskExecutor:218 - Shutting down ExecutorService 'applicationTaskExecutor'
2021-01-10 16:27:49 INFO  [main] [] com.gitee.helloworlddemo.springmvctrimwhitespace.SpringMvcTrimWhitespaceApplication:55 - Starting SpringMvcTrimWhitespaceApplication using Java 1.8.0_192 on munan-2.local with PID 6300 (/Users/munan/Documents/work/java/idea/gitee/mine/hello-world-demo/spring-mvc-trim-whitespace/target/classes started by munan in /Users/munan/Documents/work/java/idea/gitee/mine/hello-world-demo/spring-mvc-trim-whitespace)
2021-01-10 16:27:49 INFO  [main] [] com.gitee.helloworlddemo.springmvctrimwhitespace.SpringMvcTrimWhitespaceApplication:660 - No active profile set, falling back to default profiles: default
2021-01-10 16:27:51 INFO  [main] [] org.springframework.boot.web.embedded.tomcat.TomcatWebServer:108 - Tomcat initialized with port(s): 8080 (http)
2021-01-10 16:27:51 INFO  [main] [] org.apache.catalina.core.StandardService:173 - Starting service [Tomcat]
2021-01-10 16:27:51 INFO  [main] [] org.apache.catalina.core.StandardEngine:173 - Starting Servlet engine: [Apache Tomcat/9.0.41]
2021-01-10 16:27:51 INFO  [main] [] org.apache.catalina.core.ContainerBase.[Tomcat].[localhost].[/]:173 - Initializing Spring embedded WebApplicationContext
2021-01-10 16:27:51 INFO  [main] [] org.springframework.boot.web.servlet.context.ServletWebServerApplicationContext:289 - Root WebApplicationContext: initialization completed in 1305 ms
2021-01-10 16:27:51 INFO  [main] [] org.springframework.scheduling.concurrent.ThreadPoolTaskExecutor:181 - Initializing ExecutorService 'applicationTaskExecutor'
2021-01-10 16:27:51 INFO  [main] [] org.springframework.boot.web.embedded.tomcat.TomcatWebServer:220 - Tomcat started on port(s): 8080 (http) with context path ''
2021-01-10 16:27:51 INFO  [main] [] com.gitee.helloworlddemo.springmvctrimwhitespace.SpringMvcTrimWhitespaceApplication:61 - Started SpringMvcTrimWhitespaceApplication in 2.804 seconds (JVM running for 3.999)
2021-01-10 16:27:54 INFO  [http-nio-8080-exec-1] [] org.apache.catalina.core.ContainerBase.[Tomcat].[localhost].[/]:173 - Initializing Spring DispatcherServlet 'dispatcherServlet'
2021-01-10 16:27:54 INFO  [http-nio-8080-exec-1] [] org.springframework.web.servlet.DispatcherServlet:525 - Initializing Servlet 'dispatcherServlet'
2021-01-10 16:27:54 INFO  [http-nio-8080-exec-1] [] org.springframework.web.servlet.DispatcherServlet:547 - Completed initialization in 2 ms
2021-01-10 16:28:08 INFO  [http-nio-8080-exec-2] [] org.apache.tomcat.util.http.Parameters:173 - Invalid chunk starting at byte [0] and ending at byte [17] with a value of [=%20%20test%20%20] ignored
 Note: further occurrences of Parameter errors will be logged at DEBUG level.
2021-01-10 16:28:49 INFO  [SpringContextShutdownHook] [] org.springframework.scheduling.concurrent.ThreadPoolTaskExecutor:218 - Shutting down ExecutorService 'applicationTaskExecutor'
2021-01-10 16:28:55 INFO  [main] [] com.gitee.helloworlddemo.springmvctrimwhitespace.SpringMvcTrimWhitespaceApplication:55 - Starting SpringMvcTrimWhitespaceApplication using Java 1.8.0_192 on munan-2.local with PID 6344 (/Users/munan/Documents/work/java/idea/gitee/mine/hello-world-demo/spring-mvc-trim-whitespace/target/classes started by munan in /Users/munan/Documents/work/java/idea/gitee/mine/hello-world-demo/spring-mvc-trim-whitespace)
2021-01-10 16:28:55 INFO  [main] [] com.gitee.helloworlddemo.springmvctrimwhitespace.SpringMvcTrimWhitespaceApplication:660 - No active profile set, falling back to default profiles: default
2021-01-10 16:28:56 INFO  [main] [] org.springframework.boot.web.embedded.tomcat.TomcatWebServer:108 - Tomcat initialized with port(s): 8080 (http)
2021-01-10 16:28:56 INFO  [main] [] org.apache.catalina.core.StandardService:173 - Starting service [Tomcat]
2021-01-10 16:28:56 INFO  [main] [] org.apache.catalina.core.StandardEngine:173 - Starting Servlet engine: [Apache Tomcat/9.0.41]
2021-01-10 16:28:56 INFO  [main] [] org.apache.catalina.core.ContainerBase.[Tomcat].[localhost].[/]:173 - Initializing Spring embedded WebApplicationContext
2021-01-10 16:28:56 INFO  [main] [] org.springframework.boot.web.servlet.context.ServletWebServerApplicationContext:289 - Root WebApplicationContext: initialization completed in 1021 ms
2021-01-10 16:28:56 INFO  [main] [] org.springframework.scheduling.concurrent.ThreadPoolTaskExecutor:181 - Initializing ExecutorService 'applicationTaskExecutor'
2021-01-10 16:28:57 INFO  [main] [] org.springframework.boot.web.embedded.tomcat.TomcatWebServer:220 - Tomcat started on port(s): 8080 (http) with context path ''
2021-01-10 16:28:57 INFO  [main] [] com.gitee.helloworlddemo.springmvctrimwhitespace.SpringMvcTrimWhitespaceApplication:61 - Started SpringMvcTrimWhitespaceApplication in 2.623 seconds (JVM running for 3.604)
2021-01-10 16:29:11 INFO  [http-nio-8080-exec-2] [] org.apache.catalina.core.ContainerBase.[Tomcat].[localhost].[/]:173 - Initializing Spring DispatcherServlet 'dispatcherServlet'
2021-01-10 16:29:11 INFO  [http-nio-8080-exec-2] [] org.springframework.web.servlet.DispatcherServlet:525 - Initializing Servlet 'dispatcherServlet'
2021-01-10 16:29:11 INFO  [http-nio-8080-exec-2] [] org.springframework.web.servlet.DispatcherServlet:547 - Completed initialization in 1 ms
